This is pdfTeX, Version 3.141592653-2.6-1.40.24 (MiKTeX 22.1) (preloaded format=pdflatex 2023.12.11)  11 MAR 2025 15:13
entering extended mode
 restricted \write18 enabled.
 %&-line parsing enabled.
**"./The Laplace Transform Method.tex"
(The Laplace Transform Method.tex
LaTeX2e <2023-11-01>
L3 programming layer <2023-12-08>

! LaTeX Error: Missing \begin{document}.

See the LaTeX manual or LaTeX Companion for explanation.
Type  H <return>  for immediate help.
 ...                                              
                                                  
l.1 o
     k
You're in trouble here.  Try typing  <return>  to proceed.
If that doesn't work, type  X <return>  to quit.

Missing character: There is no o in font nullfont!
Missing character: There is no k in font nullfont!
)
! Emergency stop.
<*> "./The Laplace Transform Method.tex"
                                        
*** (job aborted, no legal \end found)

 
Here is how much of TeX's memory you used:
 18 strings out of 476425
 653 string characters out of 2793225
 1924470 words of memory out of 3000000
 22154 multiletter control sequences out of 15000+600000
 558069 words of font info for 36 fonts, out of 8000000 for 9000
 0 hyphenation exceptions out of 8191
 15i,0n,18p,74b,14s stack positions out of 5000i,500n,10000p,200000b,80000s
!  ==> Fatal error occurred, no output PDF file produced!
